16.00000012374577
*************
0.0056306693342326195
0.0310223635402124
0.05924080416053651
0.08732923490320499
0.11141821509034193
0.12781550345182308
0.13413372516492864
0.13063810162144515
0.11946310102136781
0.10429861807531095
0.08900966363659597
*************
Potential	NewtonStep	Entropy	Infeasibility
0.016001440944501448	0.016001440944501448
10.229295430800345	11.00557775102563	5.584177821631797	1.1901050515862082
0.0014544960014385726	0.0014544960014385726
9.879868367027017	107.17907089903069	5.70024715915968	1.1948609957570009
0.0034276228354125178	0.0034276228354125178
8.952283317157667	17.690254648350788	6.219324140251989	1.0839187577392906
0.0045594585128703085	0.0045594585128703085
7.997301229275683	3.853263751180011	8.223372791136715	0.4863901320220229
0.011967983392119493	0.011967983392119493
7.78933767897897	0.41975806538579863	7.93364947124927	0.13873878056767264
0.00993557260976999	0.00993557260976999
7.777004393882423	0.02355217131968606	7.789702240220365	0.00619019787116423
0.009311958562461163	0.009311958562461163
7.7768384893492675	3.245789874538541E-4	7.77717655543147	1.8624970192536515E-4
0.009260551150289084	0.009260551150289084
7.776838218566462	5.403670724514968E-7	7.776839035462615	6.726794226450533E-7
0.009260011485781485	0.009260011485781485
7.776838218561536	1.1493967535351122E-11	7.776838219369967	6.86765070159745E-10
Saved output/MEMWF with 661690 species (Mass: 0.999900000310666)
15.99999989803488
*************
0.0
0.0
0.0
0.038370199494571176
0.140742348026583
0.23643038801260885
0.24556071111222105
0.16877339434885627
0.08543357580852994
0.04537249816806804
0.03931688502856177
*************
Potential	NewtonStep	Entropy	Infeasibility
0.016001441030530056	0.016001441030530056
8.72686703466228	13.497038973975659	7.112415271673932	1.2637980144531555
0.0074336967767809105	0.0074336967767809105
7.917725509072654	4.303183548831982	7.720036216338274	0.9252187802369279
0.007388327730523034	0.007388327730523034
7.433674526043187	1.0274238710109977	7.802844789861679	0.22807542505513112
0.0038744156200515756	0.0038744156200515756
7.401208377241696	0.060843799247039844	7.466516470138642	0.02261359477944851
0.002333025003125114	0.002333025003125114
7.400201813462822	0.0019291339540769405	7.403997355836426	0.001049958229649049
0.0014158464259870279	0.0014158464259870279
7.40018813460216	2.3239886211879324E-5	7.400264134227859	1.7096045318888443E-5
8.591893840895952E-4	8.591893840895952E-4
7.400184519545878	5.72232415234874E-6	7.4002076658625455	5.123706014924216E-6
5.213865691814526E-4	5.213865691814526E-4
7.400183188360702	2.10713106284575E-6	7.400192479937779	1.887947116979165E-6
3.163953743802759E-4	3.163953743802759E-4
7.400182698155901	7.759441223113116E-7	7.400186405215594	6.952335272947699E-7
1.919995327047661E-4	1.919995327047661E-4
7.400182517639747	2.8573926526474666E-7	7.4001839878504	2.5602027429516793E-7
1.1651185840966134E-4	1.1651185840966134E-4
7.4001824511657714	1.0522274136765746E-7	7.400183031235528	9.428129193737158E-8
7.0703360274408E-5	7.0703360274408E-5
7.400182431040677	2.8615389647330296E-8	7.400182472429526	3.073686550947508E-8
5.507413257736322E-5	5.507413257736322E-5
7.400182421839995	1.2776063491535137E-8	7.400182430755409	1.4521567374012072E-8
4.290363556381516E-5	4.290363556381516E-5
7.400182417399538	6.040646861960084E-9	7.400182417887588	7.273051969524173E-9
3.342225279807355E-5	3.342225279807355E-5
7.400182415144509	3.014478311630997E-9	7.400182414082108	3.8207603259273895E-9
2.6036014981026883E-5	2.6036014981026883E-5
7.400182413949369	1.5756586770764946E-9	7.40018241304901	2.0833123403302006E-9
2.028204228038291E-5	2.028204228038291E-5
7.400182413296085	8.54795439743969E-10	7.400182412746652	1.1718956092559868E-9
Saved output/MEMWSig1.5F with 548386 species (Mass: 0.9999000001033372)
